/usr/sbin/mysqld, Version: 8.0.33 (MySQL Community Server - GPL). started with:
Tcp port: 3306  Unix socket: /var/run/mysqld/mysqld.sock
Time                 Id Command    Argument
2024-12-29T06:55:37.058454Z	    0 Execute	CREATE TABLE performance_schema.innodb_redo_log_files(
`FILE_ID` BIGINT NOT NULL COMMENT 'Id of the file.',
`FILE_NAME` VARCHAR(2000) NOT NULL COMMENT 'Path to the file.',
`START_LSN` BIGINT NOT NULL COMMENT 'LSN of the first block in the file.',
`END_LSN` BIGINT NOT NULL COMMENT 'LSN after the last block in the file.',
`SIZE_IN_BYTES` BIGINT NOT NULL COMMENT 'Size of the file (in bytes).',
`IS_FULL` TINYINT NOT NULL COMMENT '1 iff file has no free space inside.',
`CONSUMER_LEVEL` INT NOT NULL COMMENT 'All redo log consumers registered on smaller levels than this value, have already consumed this file.'
)engine = 'performance_schema'
2024-12-29T06:56:01.760018Z	    8 Connect	root@localhost on  using Socket
2024-12-29T06:56:01.760441Z	    8 Query	select @@version_comment limit 1
2024-12-29T06:56:01.760808Z	    8 Query	CREATE DATABASE if NOT EXISTS task_reaper
2024-12-29T06:56:01.763944Z	    8 Query	SELECT DATABASE()
2024-12-29T06:56:01.764252Z	    8 Init DB	task_reaper
2024-12-29T06:56:01.764528Z	    8 Query	DROP TABLE IF EXISTS Schedules
2024-12-29T06:56:01.776676Z	    8 Query	DROP TABLE IF EXISTS Categories
2024-12-29T06:56:01.784939Z	    8 Query	DROP TABLE IF EXISTS UserTeams
2024-12-29T06:56:01.792588Z	    8 Query	DROP TABLE IF EXISTS Teams
2024-12-29T06:56:01.797495Z	    8 Query	DROP TABLE IF EXISTS Users
2024-12-29T06:56:01.802986Z	    8 Query	CREATE TABLE IF NOT EXISTS Users (
    user_id INT NOT NULL AUTO_INCREMENT,
    name VARCHAR(16) NOT NULL UNIQUE, 
    password VARCHAR(32) NOT NULL, 
    email VARCHAR(32), 
    PRIMARY KEY(user_id) 
)
2024-12-29T06:56:01.812285Z	    8 Query	CREATE TABLE IF NOT EXISTS Teams (
    team_id INT NOT NULL AUTO_INCREMENT, 
    name VARCHAR(16) NOT NULL UNIQUE, 
    description VARCHAR(200), 
    PRIMARY KEY(team_id)
)
2024-12-29T06:56:01.818910Z	    8 Query	CREATE TABLE IF NOT EXISTS UserTeams (
    user_team_id INT NOT NULL AUTO_INCREMENT, 
    user_id INT NOT NULL, 
    team_id INT NOT NULL, 
    PRIMARY KEY(user_team_id), 
    FOREIGN KEY(user_id)
        REFERENCES Users(user_id)
        ON DELETE CASCADE
        ON UPDATE CASCADE,
    FOREIGN KEY(team_id)
        REFERENCES Teams(team_id)
        ON DELETE CASCADE
        ON UPDATE CASCADE
)
2024-12-29T06:56:01.828121Z	    8 Query	CREATE TABLE IF NOT EXISTS Categories (
    category_id INT NOT NULL AUTO_INCREMENT, 
    team_id INT NOT NULL, 
    name VARCHAR(16) NOT NULL, 
    color VARCHAR(7) NOT NULL, 
    created_at DATE NOT NULL, 
    updated_at DATE NOT NULL, 
    PRIMARY KEY(category_id), 
    FOREIGN KEY(team_id)
        REFERENCES Teams(team_id)
        ON DELETE CASCADE
        ON UPDATE CASCADE
)
2024-12-29T06:56:01.834651Z	    8 Query	CREATE TABLE IF NOT EXISTS Schedules (
    schedule_id INT NOT NULL AUTO_INCREMENT, 
    category_id INT NOT NULL, 
    title VARCHAR(32) NOT NULL, 
    description VARCHAR(200), 
    start_date DATE NOT NULL, 
    end_date DATE NOT NULL, 
    is_completed BOOLEAN NOT NULL DEFAULT FALSE, 
    PRIMARY KEY(schedule_id), 
    FOREIGN KEY(category_id)
        REFERENCES Categories(category_id)
        ON DELETE CASCADE
        ON UPDATE CASCADE
)
2024-12-29T06:56:01.841134Z	    8 Query	DESC Users
2024-12-29T06:56:01.842226Z	    8 Query	DESC Teams
2024-12-29T06:56:01.842758Z	    8 Query	DESC UserTeams
2024-12-29T06:56:01.843307Z	    8 Query	DESC Categories
2024-12-29T06:56:01.847037Z	    8 Query	DESC Schedules
2024-12-29T06:56:01.847857Z	    8 Quit	
2024-12-29T06:56:01.898471Z	    9 Connect	root@localhost on  using Socket
2024-12-29T06:56:01.898648Z	    9 Query	select @@version_comment limit 1
2024-12-29T06:56:01.898804Z	    9 Query	SELECT DATABASE()
2024-12-29T06:56:01.898926Z	    9 Init DB	task_reaper
2024-12-29T06:56:01.899050Z	    9 Query	INSERT INTO Users (name, password, email) VALUES
('佐藤花子', 'password123', 'hanako.sato@example.com'),
('鈴木太郎', 'password456', 'taro.suzuki@example.com'),
('高橋洋子', 'password789', 'yoko.takahashi@example.com')
2024-12-29T06:56:01.903066Z	    9 Query	INSERT INTO Teams (name, description) VALUES
('開発チーム', 'アプリケーションの開発を担当するチーム'),
('営業チーム', '顧客対応と販売を担当するチーム')
2024-12-29T06:56:01.904283Z	    9 Query	INSERT INTO UserTeams (user_id, team_id) VALUES
(1, 1), 
(2, 1), 
(3, 2)
2024-12-29T06:56:01.905567Z	    9 Query	INSERT INTO Categories (team_id, name, color, created_at, updated_at) VALUES
(1, '設計', '#FF5733', '2024-12-01', '2024-12-01'),
(1, 'テスト', '#33FF57', '2024-12-01', '2024-12-01'),
(2, '顧客管理', '#5733FF', '2024-12-02', '2024-12-02')
2024-12-29T06:56:01.906891Z	    9 Query	INSERT INTO Schedules (category_id, title, description, start_date, end_date, is_completed) VALUES
(1, '要件定義', '顧客の要件を整理し、文書化する', '2024-12-03', '2024-12-03', FALSE),
(2, '単体テスト', 'コードの動作確認テストを実施', '2024-12-04', '2024-12-15', FALSE),
(3, '顧客打ち合わせ', '顧客と今後の進捗を議論', '2024-12-05', '2024-12-05', TRUE)
2024-12-29T06:56:01.907643Z	    9 Quit	
2024-12-29T06:56:01.957698Z	   10 Connect	root@localhost on  using Socket
2024-12-29T06:56:01.957872Z	   10 Query	select @@version_comment limit 1
2024-12-29T06:56:01.958010Z	   10 Query	SELECT DATABASE()
2024-12-29T06:56:01.958109Z	   10 Init DB	task_reaper
2024-12-29T06:56:01.958223Z	   10 Query	SELECT * FROM Users
2024-12-29T06:56:01.958518Z	   10 Query	SELECT * FROM Teams
2024-12-29T06:56:01.958739Z	   10 Query	SELECT * FROM UserTeams
2024-12-29T06:56:01.958897Z	   10 Query	SELECT * FROM Categories
2024-12-29T06:56:01.959056Z	   10 Query	SELECT * FROM Schedules
2024-12-29T06:56:01.959214Z	   10 Quit	
